C:\USERS\Артем\DESKTOP\UNIVERSITY\SEM4\[ООП] Лабы\LAB2_CONTAINER\SRC\DEBUG\SRC.PCH
C:\USERS\Артем\DESKTOP\UNIVERSITY\SEM4\[ООП] Лабы\LAB2_CONTAINER\SRC\DEBUG\STDAFX.OBJ
C:\USERS\АРТЕМ\DESKTOP\UNIVERSITY\SEM4\[ООП] ЛАБЫ\LAB2_CONTAINER\SRC\DEBUG\VC110.PDB
C:\USERS\Артем\DESKTOP\UNIVERSITY\SEM4\[ООП] Лабы\LAB2_CONTAINER\SRC\DEBUG\ARRAYWORKS.OBJ
C:\USERS\Артем\DESKTOP\UNIVERSITY\SEM4\[ООП] Лабы\LAB2_CONTAINER\SRC\DEBUG\BASE.OBJ
C:\USERS\Артем\DESKTOP\UNIVERSITY\SEM4\[ООП] Лабы\LAB2_CONTAINER\SRC\DEBUG\SRC.OBJ
H:\(4 сем)ооп\LAB2\SRC\DEBUG\SRC.PCH
H:\(4 сем)ооп\LAB2\SRC\DEBUG\STDAFX.OBJ
H:\(4 СЕМ)ООП\LAB2\SRC\DEBUG\VC110.PDB
H:\(4 сем)ооп\LAB2\SRC\DEBUG\BASE.OBJ
H:\(4 сем)ооп\LAB2\SRC\DEBUG\MATRIXWORKS.OBJ
H:\(4 сем)ооп\LAB2\SRC\DEBUG\SRC.OBJ
C:\MSYS64\HOME\Артем\GIT\OOP\LAB2\SRC\DEBUG\SRC.PCH
C:\MSYS64\HOME\Артем\GIT\OOP\LAB2\SRC\DEBUG\STDAFX.OBJ
C:\MSYS64\HOME\АРТЕМ\GIT\OOP\LAB2\SRC\DEBUG\VC110.PDB
C:\MSYS64\HOME\Артем\GIT\OOP\LAB2\SRC\DEBUG\BASE.OBJ
C:\MSYS64\HOME\Артем\GIT\OOP\LAB2\SRC\DEBUG\MATRIXWORKS.OBJ
C:\MSYS64\HOME\Артем\GIT\OOP\LAB2\SRC\DEBUG\SRC.OBJ
C:\USERS\Артем\DESKTOP\UNIVERSITY\SEM4\[ООП] Лабы\LAB2_CONTAINER\DEBUG\SRC.ILK
C:\USERS\Артем\DESKTOP\UNIVERSITY\SEM4\[ООП] Лабы\LAB2_CONTAINER\DEBUG\SRC.EXE
C:\USERS\АРТЕМ\DESKTOP\UNIVERSITY\SEM4\[ООП] ЛАБЫ\LAB2_CONTAINER\DEBUG\SRC.PDB
H:\(4 сем)ооп\LAB2\DEBUG\SRC.ILK
H:\(4 сем)ооп\LAB2\DEBUG\SRC.EXE
H:\(4 СЕМ)ООП\LAB2\DEBUG\SRC.PDB
H:\(4 сем)ооп\LAB2\DEBUG\SRC.ILK
H:\(4 сем)ооп\LAB2\DEBUG\SRC.EXE
H:\(4 СЕМ)ООП\LAB2\DEBUG\SRC.PDB
C:\msys64\home\Артем\git\OOP\lab2\src\Debug\base.obj
C:\msys64\home\Артем\git\OOP\lab2\src\Debug\matrixworks.obj
C:\msys64\home\Артем\git\OOP\lab2\src\Debug\src.obj
C:\msys64\home\Артем\git\OOP\lab2\src\Debug\stdafx.obj
C:\msys64\home\Артем\git\OOP\lab2\src\Debug\cl.command.1.tlog
C:\msys64\home\Артем\git\OOP\lab2\src\Debug\CL.read.1.tlog
C:\msys64\home\Артем\git\OOP\lab2\src\Debug\CL.write.1.tlog
C:\msys64\home\Артем\git\OOP\lab2\src\Debug\link-cvtres.read.1.tlog
C:\msys64\home\Артем\git\OOP\lab2\src\Debug\link-cvtres.write.1.tlog
C:\msys64\home\Артем\git\OOP\lab2\src\Debug\link-rc.read.1.tlog
C:\msys64\home\Артем\git\OOP\lab2\src\Debug\link-rc.write.1.tlog
C:\msys64\home\Артем\git\OOP\lab2\src\Debug\link.4980-cvtres.read.1.tlog
C:\msys64\home\Артем\git\OOP\lab2\src\Debug\link.4980-cvtres.write.1.tlog
C:\msys64\home\Артем\git\OOP\lab2\src\Debug\link.4980-rc.read.1.tlog
C:\msys64\home\Артем\git\OOP\lab2\src\Debug\link.4980-rc.write.1.tlog
C:\msys64\home\Артем\git\OOP\lab2\src\Debug\link.4980.read.1.tlog
C:\msys64\home\Артем\git\OOP\lab2\src\Debug\link.4980.write.1.tlog
C:\msys64\home\Артем\git\OOP\lab2\src\Debug\link.5992-cvtres.read.1.tlog
C:\msys64\home\Артем\git\OOP\lab2\src\Debug\link.5992-cvtres.write.1.tlog
C:\msys64\home\Артем\git\OOP\lab2\src\Debug\link.5992-rc.read.1.tlog
C:\msys64\home\Артем\git\OOP\lab2\src\Debug\link.5992-rc.write.1.tlog
C:\msys64\home\Артем\git\OOP\lab2\src\Debug\link.5992.read.1.tlog
C:\msys64\home\Артем\git\OOP\lab2\src\Debug\link.5992.write.1.tlog
C:\msys64\home\Артем\git\OOP\lab2\src\Debug\link.7620-cvtres.read.1.tlog
C:\msys64\home\Артем\git\OOP\lab2\src\Debug\link.7620-cvtres.write.1.tlog
C:\msys64\home\Артем\git\OOP\lab2\src\Debug\link.7620-rc.read.1.tlog
C:\msys64\home\Артем\git\OOP\lab2\src\Debug\link.7620-rc.write.1.tlog
C:\msys64\home\Артем\git\OOP\lab2\src\Debug\link.7620.read.1.tlog
C:\msys64\home\Артем\git\OOP\lab2\src\Debug\link.7620.write.1.tlog
C:\msys64\home\Артем\git\OOP\lab2\src\Debug\link.8636-cvtres.read.1.tlog
C:\msys64\home\Артем\git\OOP\lab2\src\Debug\link.8636-cvtres.write.1.tlog
C:\msys64\home\Артем\git\OOP\lab2\src\Debug\link.8636-rc.read.1.tlog
C:\msys64\home\Артем\git\OOP\lab2\src\Debug\link.8636-rc.write.1.tlog
C:\msys64\home\Артем\git\OOP\lab2\src\Debug\link.8636.read.1.tlog
C:\msys64\home\Артем\git\OOP\lab2\src\Debug\link.8636.write.1.tlog
C:\msys64\home\Артем\git\OOP\lab2\src\Debug\link.9872-cvtres.read.1.tlog
C:\msys64\home\Артем\git\OOP\lab2\src\Debug\link.9872-cvtres.write.1.tlog
C:\msys64\home\Артем\git\OOP\lab2\src\Debug\link.9872-rc.read.1.tlog
C:\msys64\home\Артем\git\OOP\lab2\src\Debug\link.9872-rc.write.1.tlog
C:\msys64\home\Артем\git\OOP\lab2\src\Debug\link.9872.read.1.tlog
C:\msys64\home\Артем\git\OOP\lab2\src\Debug\link.9872.write.1.tlog
C:\msys64\home\Артем\git\OOP\lab2\src\Debug\link.command.1.tlog
C:\msys64\home\Артем\git\OOP\lab2\src\Debug\link.read.1.tlog
C:\msys64\home\Артем\git\OOP\lab2\src\Debug\link.write.1.tlog
C:\msys64\home\Артем\git\OOP\lab2\src\Debug\src.exe.embed.manifest
C:\msys64\home\Артем\git\OOP\lab2\src\Debug\src.exe.intermediate.manifest
C:\msys64\home\Артем\git\OOP\lab2\src\Debug\src.exe.embed.manifest.res
C:\msys64\home\Артем\git\OOP\lab2\src\Debug\src.pch
C:\msys64\home\Артем\git\OOP\lab2\src\Debug\vc100.idb
C:\msys64\home\Артем\git\OOP\lab2\src\Debug\vc110.idb
C:\msys64\home\Артем\git\OOP\lab2\src\Debug\vc110.pdb
C:\msys64\home\Артем\git\OOP\lab2\src\Debug\src_manifest.rc
C:\msys64\home\Артем\git\OOP\lab2\Debug\src.pdb
